<?xml version="1.0" encoding="UTF-8"?>
<testsuite xmlns:xsi="http://www.w3.org/2001/XMLSchema-instance" xsi:noNamespaceSchemaLocation="https://maven.apache.org/surefire/maven-surefire-plugin/xsd/surefire-test-report-3.0.xsd" version="3.0" name="com.mycompany.practicagrafos.PracticagrafosTest" time="0.069" tests="19" errors="0" skipped="0" failures="0">
  <properties>
[...]
</properties>
  <testcase name="testNORegular" classname="com.mycompany.practicagrafos.PracticagrafosTest" time="0.011">
    <system-out><![CDATA[Test No esRegular
]]></system-out>
  </testcase>
  <testcase name="testNoSumidero" classname="com.mycompany.practicagrafos.PracticagrafosTest" time="0.001">
    <system-out><![CDATA[Test No esSumidero
]]></system-out>
  </testcase>
  <testcase name="testPredecesores1" classname="com.mycompany.practicagrafos.PracticagrafosTest" time="0.002">
    <system-out><![CDATA[Test predecesores
]]></system-out>
  </testcase>
  <testcase name="testEsCicloFalse2" classname="com.mycompany.practicagrafos.PracticagrafosTest" time="0.001">
    <system-out><![CDATA[Test 5 esCiclo
]]></system-out>
  </testcase>
  <testcase name="testSumidero" classname="com.mycompany.practicagrafos.PracticagrafosTest" time="0.001">
    <system-out><![CDATA[Test esSumidero
]]></system-out>
  </testcase>
  <testcase name="testHayCaminoEntreDos" classname="com.mycompany.practicagrafos.PracticagrafosTest" time="0.0">
    <system-out><![CDATA[hayCaminoEntreDos
]]></system-out>
  </testcase>
  <testcase name="testgetOrdenTopologicoVacio" classname="com.mycompany.practicagrafos.PracticagrafosTest" time="0.001">
    <system-out><![CDATA[getOrdenTopologico en gVacio
]]></system-out>
  </testcase>
  <testcase name="testEsConectadoDesdeVertice2" classname="com.mycompany.practicagrafos.PracticagrafosTest" time="0.001">
    <system-out><![CDATA[esConectadoDesdeVertice grafo v1
]]></system-out>
  </testcase>
  <testcase name="testEsConectadoDesdeVertice3" classname="com.mycompany.practicagrafos.PracticagrafosTest" time="0.0">
    <system-out><![CDATA[esConectadoDesdeVertice grafo v1
]]></system-out>
  </testcase>
  <testcase name="testSumideroVacio" classname="com.mycompany.practicagrafos.PracticagrafosTest" time="0.001">
    <system-out><![CDATA[Test grafo vacío esSumidero
]]></system-out>
  </testcase>
  <testcase name="testEsCicloTrue" classname="com.mycompany.practicagrafos.PracticagrafosTest" time="0.001">
    <system-out><![CDATA[Test 2 esCiclo
]]></system-out>
  </testcase>
  <testcase name="testSiRegular" classname="com.mycompany.practicagrafos.PracticagrafosTest" time="0.001">
    <system-out><![CDATA[Test esRegular
]]></system-out>
  </testcase>
  <testcase name="testEsCicloFalse" classname="com.mycompany.practicagrafos.PracticagrafosTest" time="0.001">
    <system-out><![CDATA[Test esCiclo
]]></system-out>
  </testcase>
  <testcase name="testEsCicloTrue2" classname="com.mycompany.practicagrafos.PracticagrafosTest" time="0.0">
    <system-out><![CDATA[Test 3 esCiclo
]]></system-out>
  </testcase>
  <testcase name="testEsCicloTrue3" classname="com.mycompany.practicagrafos.PracticagrafosTest" time="0.001">
    <system-out><![CDATA[Test 4 esCiclo
]]></system-out>
  </testcase>
  <testcase name="testVacioRegular" classname="com.mycompany.practicagrafos.PracticagrafosTest" time="0.001">
    <system-out><![CDATA[Test grafo vacío esRegular
]]></system-out>
  </testcase>
  <testcase name="testgetOrdenTopologico2" classname="com.mycompany.practicagrafos.PracticagrafosTest" time="0.0">
    <system-out><![CDATA[getOrdenTopologico en grafo 
[ Ourense,  Coruña,  Lugo,  Pontevedra]
]]></system-out>
  </testcase>
  <testcase name="testEsConectadoDesdeVertice" classname="com.mycompany.practicagrafos.PracticagrafosTest" time="0.001">
    <system-out><![CDATA[esConectadoDesdeVertice, grafo vacio
]]></system-out>
  </testcase>
  <testcase name="testgetOrdenTopologico" classname="com.mycompany.practicagrafos.PracticagrafosTest" time="0.001">
    <system-out><![CDATA[getOrdenTopologico en grafo 
]]></system-out>
  </testcase>
</testsuite>